Model V1: { Two compartments: Brain and Plasma
	Initial Guess Values
	a12_wake: 0.5
	A_wake: 10
	A_sleep: 7.2
	a: 1.02
	k: 0.25
	StepSize: 0.01
	
	Optimisation Algorithm: Pattern Search
	a12_wake bounds: (0.1, 1)
	A_wake bounds: (1, 20)
	A_sleep bounds: (1, 10)
	a bounds: (1.01, 1.05)
	k bounds: (0.1, 1)
	Iterations: 2000
	
	Optimised Parameters:
	a12_wake: 0.221358
	A_wake: 9.122817
	A_sleep: 7.294531
	a: 1.050000
	k: 0.321362
	}

Model V50: { Three compartments: Brain, CSF and Plasma
	Initial Guess Values
	a = 3;
    	b = 4;
    	c = 4;
    	A_wake = 21;
    	A_sleep = 0.8*A_wake;    %From experimnetal data
    	a12_wake = 0.3;
    	a12_sleep = 2.5*a12_wake;    %From Xie et al., 2013 (Clearance during sleep is 2.5 times)
    	a13_wake = 0.02;
    	a13_sleep = a*a13_wake;
    	a23_sleep = 0.06601;    %From experimnetal data - half life of amyloid in CSF during night: t_1/2 = ln(2)/k where the t_1/2 of amyloid in csf was taken as 10.2 hrs
    	a23_wake = a23_sleep/b;
    	k_wake = 0.231049;    %%From experimnetal data - half life of amyloid in Plasma during wake: t_1/2 = ln(2)/k where the t_1/2 of amyloid in plasma was taken as 3 hrs
    	k_sleep = c*k_wake;
	StepSize: 0.001
	
	Optimisation Algorithm: Pattern Search
	a_wake bounds: (1, 10)
	b_wake bounds: (1, 10)
	c_wake bounds: (1, 10)
	A_wake bounds: (1, 24)
	a12 bounds: (0.1, 1)
	a13 bounds: (0.01, 0.1)
	Iterations: 5000
	
	Optimised Parameters:
	a: 2.702494
	b: 3.542306
	c: 3.576970
	A_wake: 21.000000
	a12_wake: 0.188698
	a13_wake: 0.010000
	}

Model V51: { Three compartments: Brain, CSF and Plasma fitted on Liu2022 data
	Initial Guess Values
	a = 1.5;
    	b = 1.5;
    	c = 1.5;
    	A_wake = 21;
    	A_sleep = 0.8*A_wake;    %From experimnetal data
    	a12_wake = 0.3;
    	a12_sleep = 2.5*a12_wake;    %From Xie et al., 2013 (Clearance during sleep is 2.5 times)
    	a13_wake = 0.02;
    	a13_sleep = a*a13_wake;
    	a23_sleep = 0.06601;    %From experimental data - half life of amyloid in CSF during night: t_1/2 = ln(2)/k where the t_1/2 of amyloid in csf was taken as 10.2 hrs
    	a23_wake = a23_sleep/b;
    	k_wake = 0.231049;    %%From experimental data - half life of amyloid in Plasma during wake: t_1/2 = ln(2)/k where the t_1/2 of amyloid in plasma was taken as 3 hrs
    	k_sleep = c*k_wake;
	StepSize: 0.001
	
	Optimisation Algorithm: Pattern Search
	a_wake bounds: (1, 3)
	b_wake bounds: (1, 3)
	c_wake bounds: (1, 3)
	A_wake bounds: (20, 24)
	a12 bounds: (0.1, 1)
	a13 bounds: (0.01, 0.1)
	Iterations: 2000
	
	Optimised Parameters:
	a: 1.000010
	b: 1.931690
	c: 1.794493
	A_wake: 22.056825
	a12_wake: 0.999998
	a13_wake: 0.100000
	}

