Optimisation ALgorithm = Pattern Search
Loss Function = Root Mean Square Error (RMSE)

Model V1: {
	Initial Guess Values
	a21: 0.1
	a12_wake: 0.1 
	a12_sleep:0.3
	A_wake: 30
	A_sleep: 1
	k: 2
	StepSize: 0.001
	
	Optimisation Algorithm: Pattern Search
	a21 bounds: (0, 10)
	a12_wake bounds: (0, 10)
	a12_sleep bounds: (0, 10)
	A_wake bounds: (10, 100)
	A_sleep bounds: (0, 10)
	k bounds: (0, 10)
	Iterations: 1000
	Final loss function value: 0.13149957553283242
	
	Optimised parameter values:
	a21_opt: 0.26113103050336894
	a12_wake_opt: 0.5141630009344635
	a12_sleep_opt: 0.0
	A_wake_opt: 95.09967168259408
	A_sleep_opt: 5.115717883787483
	k_opt: 9.974020745846232
	}

Model V2: {
	Initial Guess Values
	a21: 0.1
	a12_wake: 0.1 
	a12_sleep:0.3
	A_wake: 30
	A_sleep: 1
	k: 2
	StepSize: 0.001
	
	Optimisation Algorithm: Pattern Search
	a21 bounds: (0, 1)
	a12_wake bounds: (0, 1)
	a12_sleep bounds: (0, 1)
	A_wake bounds: (10, 100)
	A_sleep bounds: (0, 10)
	k bounds: (0, 10)
	Iterations: 1000
	Final loss function value: 0.131499859819233

	Optimised parameter values:
	a21_opt: 0.1000005827624122
	a12_wake_opt: 0.09999999999999998
	a12_sleep_opt: 0.29999418373010406
	A_wake_opt: 29.99958220763364
	A_sleep_opt: 0.9999965365463344
	k_opt: 2.000066025976948
	}
	
Model V3: {
	Initial Guess Values
	a21: 0.1
	a12_wake: 0.1 
	a12_sleep:0.3
	A_wake: 15
	A_sleep: 1
	k: 2
	StepSize: 0.001
	
	Optimisation Algorithm: Pattern Search
	a21 bounds: (0, 0.1)
	a12_wake bounds: (0, 0.1)
	a12_sleep bounds: (0, 0.5)
	A_wake bounds: (10, 50)
	A_sleep bounds: (0, 5)
	k bounds: (0, 5)
	Iterations: 5000

	Optimised parameter values:
	A_wake: 10.000000
	A_sleep: 5.000000
	a12_wake: 0.100000
	a12_sleep: 0.000001
	a21: 0.000000
	k: 0.588287
	}
	
Model V4: {
	Initial Guess Values
	a21: 0.05
	a12_wake: 0.05 
	a12_sleep:0.3
	A_wake: 15
	A_sleep: 0.1
	k: 0.2
	StepSize: 0.001
	
	Optimisation Algorithm: Pattern Search
	a21 bounds: (0, 0.1)
	a12_wake bounds: (0, 0.1)
	a12_sleep bounds: (0, 0.5)
	A_wake bounds: (10, 20)
	A_sleep bounds: (0, 5)
	k bounds: (0, 1)
	Iterations: 5000
	
	Optimised parameters values
	A_wake: 10.000000
	A_sleep: 4.999994
	a12_wake: 0.100000
	a12_sleep: 0.000001
	a21: 0.000000
	k: 0.588290
	}
	
Model V5: {
	Initial Guess Values
	a12_wake: 0.05 
	a12_sleep:0.3
	A_wake: 15
	A_sleep: 0.1
	k: 0.2
	StepSize: 0.001
	
	Optimisation Algorithm: Pattern Search
	a12_wake bounds: (0, 0.1)
	a12_sleep bounds: (0, 0.5)
	A_wake bounds: (10, 20)
	A_sleep bounds: (0, 5)
	k bounds: (0, 1)
	Iterations: 5000
	
	Optimized Parameters:
	A_wake: 10.000000
	A_sleep: 4.999994
	a12_wake: 0.100000
	a12_sleep: 0.000001
	k: 0.588287
	}
	
Model V6: {
	Initial Guess Values
	a12_wake: 0.05 
	a12_sleep:0.125
	A_wake: 15
	A_sleep: 6
	k: 0.2
	StepSize: 0.001
	
	Optimisation Algorithm: Pattern Search
	a12_wake bounds: (0, 0.1)
	a12_sleep bounds: (0, 0.5)
	A_wake bounds: (10, 20)
	A_sleep bounds: (0, 10)
	k bounds: (0, 1)
	Iterations: 10000
	
	Optimized Parameters:
	}

Model V7: {
	Initial Guess Values
	a21: 0.1
	a12_wake: 0.05 
	a12_sleep:0.125
	A_wake: 15
	A_sleep: 6
	k: 0.2
	StepSize: 0.001
	
	Optimisation Algorithm: Pattern Search
	a21 bounds: (0, 1)
	a12_wake bounds: (0, 1)
	a12_sleep bounds: (0, 1)
	A_wake bounds: (10, 20)
	A_sleep bounds: (0, 10)
	k bounds: (0, 1)
	Iterations: 10000
	
	Optimized Parameters:
	}
	
Model V9: {
	Initial Guess Values
	a21: 0.1
	a12_wake: 0.1 
	a12_sleep:0.3
	A_wake: 15
	A_sleep: 6
	k: 1
	StepSize: 0.001
	
	Optimisation Algorithm: Pattern Search
	a21 bounds: (0, 1)
	a12_wake bounds: (0, 1)
	a12_sleep bounds: (0, 1)
	A_wake bounds: (10, 20)
	A_sleep bounds: (0, 10)
	k bounds: (0, 1)
	Iterations: 10000
	
	Optimized Parameters:
	A_wake: 15.000000
	A_sleep: 6.000000
	a12_wake: 0.100000
	a12_sleep: 0.800000
	a21: 0.100000
	k: 1.000000
	}
	
Model V10: {
	Initial Guess Values
	a21: 0.1
	a12_wake: 0.1 
	a12_sleep:0.3
	A_wake: 15
	A_sleep: 6
	k: 1
	StepSize: 0.001
	
	Optimisation Algorithm: Pattern Search
	a21 bounds: (0, 1)
	a12_wake bounds: (0, 1)
	a12_sleep bounds: (0, 1)
	A_wake bounds: (10, 20)
	A_sleep bounds: (0, 10)
	k bounds: (0, 1)
	Iterations: 10000
	
	Optimized Parameters:
	A_wake: 20.000000
	A_sleep: 0.001457
	a12_wake: 0.100000
	a12_sleep: 0.999999
	a21: 0.000000
	k: 1.000000
	}
	
Model V11: {
	Initial Guess Values
	a12_wake: 0.05
	a12_sleep:0.125
	A_wake: 15
	A_sleep: 6
	k: 0.2
	StepSize: 0.001
	
	Optimisation Algorithm: Pattern Search
	a12_wake bounds: (0, 0.1)
	a12_sleep bounds: (0, 0.5)
	A_wake bounds: (10, 20)
	A_sleep bounds: (0, 10)
	k bounds: (0, 1)
	Iterations: 10000
	
	Optimized Parameters:
	A_wake: 20.000000
	A_sleep: 0.002975
	a12_wake: 0.100000
	a12_sleep: 0.500000
	k: 0.999999
	}
	
Model V12: {
	Initial Guess Values
	a12_wake: 0.05
	a12_sleep:0.125
	A_wake: 15
	A_sleep: 6
	k: 0.2
	StepSize: 0.001
	
	Optimisation Algorithm: Pattern Search
	a12_wake bounds: (0, 0.1)
	a12_sleep bounds: (0, 0.5)
	A_wake bounds: (5, 10)
	A_sleep bounds: (0, 10)
	k bounds: (0, 1)
	Iterations: 10000
	
	Optimized Parameters:
	A_wake: 10.000000
	A_sleep: 0.001541
	a12_wake: 0.100000
	a12_sleep: 0.500000
	k: 0.999999
	}
	
Model V14: {
	Initial Guess Values
	a21: 0.1
	a12_wake: 0.1
	a12_sleep:0.25
	A_wake: 25
	A_sleep: 5
	k: 2
	StepSize: 0.001
	
	Optimisation Algorithm: Pattern Search
	a12_wake bounds: (0, 1)
	a12_sleep bounds: (0, 1)
	A_wake bounds: (10, 50)
	A_sleep bounds: (0, 10)
	k bounds: (0, 10)
	Iterations: 10000
	
	Optimized Parameters:
	A_wake: 27.265259
	A_sleep: 0.000000
	a12_wake: 0.000007
	a12_sleep: 1.000000
	a21: 0.000002
	k: 1.438980
	}
	
Model V15: {
	Initial Guess Values
	a12_wake: 0.1
	a12_sleep:0.3
	A_wake: 40
	A_sleep: 1
	k: 2
	StepSize: 0.001
	
	Optimisation Algorithm: Pattern Search
	a12_wake bounds: (0, 0.3)
	a12_sleep bounds: (0, 1)
	A_wake bounds: (35, 50)
	A_sleep bounds: (0, 3)
	k bounds: (0, 5)
	Iterations: 100
	
	Optimized Parameters:
	A_wake: 48.000000
	A_sleep: 0.000000
	a12_wake: 0.131250
	a12_sleep: 0.925000
	k: 1.500000
	}
	
Model V16: {
	Initial Guess Values
	a12_wake: 0.1
	a12_sleep:0.3
	A_wake: 20
	A_sleep: 1
	k: 1
	StepSize: 0.001
	
	Optimisation Algorithm: Pattern Search
	a12_wake bounds: (0, 1)
	a12_sleep bounds: (0, 1)
	A_wake bounds: (35, 50)
	A_sleep bounds: (0, 1)
	k bounds: (0, 3)
	Iterations: 1000
	
	Optimized Parameters:
	A_wake: 49.933594
	A_sleep: 0.000000
	a12_wake: 0.000040
	a12_sleep: 0.999982
	k: 1.432129
	}
	
Model V14_Python: {
	Initial Guess Values
	a21: 0.1
	a12_wake: 0.1
	a12_sleep:0.3
	A_wake: 30
	A_sleep: 1
	k: 2
	StepSize: 0.001
	
	Optimisation Algorithm: Pattern Search
	a21 bounds: (0, 1)
	a12_wake bounds: (0, 1)
	a12_sleep bounds: (0, 1)
	A_wake bounds: (20, 50)
	A_sleep bounds: (0, 10)
	k bounds: (0, 10)
	Iterations: 100
	
	Optimized Parameters:
	A_wake: 29.99993324402756
	A_sleep: 1.0019600255894907
	a12_wake: 0.003780899401377033
	a12_sleep: 0.004107554407501161
	a21: 0.1298880416159575
	k: 2.007845965176983
	}
	
Model V18: {
	Initial Guess Values
	a21: 0.1
	a12_wake: 0.1
	a12_sleep:0.3
	A_wake: 30
	A_sleep: 1
	k: 2
	StepSize: 0.01
	
	Optimisation Algorithm: Pattern Search
	a21 bounds: (0, 1)
	a12_wake bounds: (0, 1)
	a12_sleep bounds: (0, 1)
	A_wake bounds: (20, 50)
	A_sleep bounds: (0, 10)
	k bounds: (0, 10)
	Iterations: 1000
	
	Optimized Parameters:
	A_wake: 49.343750
	A_sleep: 9.515625
	a12_wake: 0.600000
	a12_sleep: 0.280469
	a21: 0.999414
	k: 10.000000
	}
	
Model V19: {
	Initial Guess Values
	a21: 0.9
	a12_wake: 0.6
	a12_sleep:0.2
	A_wake: 50
	A_sleep: 9.5
	k: 10
	StepSize: 0.01
	
	Optimisation Algorithm: Pattern Search
	a21 bounds: (0.5, 2)
	a12_wake bounds: (0, 1)
	a12_sleep bounds: (0, 1)
	A_wake bounds: (45, 60)
	A_sleep bounds: (8, 15)
	k bounds: (9, 20)
	Iterations: 1000
	
	Optimized Parameters:
	A_wake: 60.000000
	A_sleep: 13.976562
	a12_wake: 0.150781
	a12_sleep: 0.194141
	a21: 1.999609
	k: 9.000000
	}
